[gbar] starting phase2 PPO at Thu May  7 07:20:20 CEST 2026
[gbar] hostname:  n-62-30-24
[gbar] cwd:       /zhome/5c/f/180689/projects/battery_gym
[gbar] cores:     8
[gbar] creating venv at /zhome/5c/f/180689/projects/battery_gym/.venv311

------------------------------------------------------------
Sender: LSF System <lsfadmin@hpc.dtu.dk>
Subject: Job 28380687: <battery_phase2_ppo> in cluster <dcc> Exited

Job <battery_phase2_ppo> was submitted from host <gbarlogin1> by user <juqu> in cluster <dcc> at Thu May  7 07:20:18 2026
Job was executed on host(s) <8*n-62-30-24>, in queue <hpc>, as user <juqu> in cluster <dcc> at Thu May  7 07:20:19 2026
</zhome/5c/f/180689> was used as the home directory.
</zhome/5c/f/180689/projects/battery_gym> was used as the working directory.
Started at Thu May  7 07:20:19 2026
Terminated at Thu May  7 07:20:43 2026
Results reported at Thu May  7 07:20:43 2026

Your job looked like:

------------------------------------------------------------
# LSBATCH: User input
#!/bin/bash
#BSUB -J battery_phase2_ppo
#BSUB -q hpc
#BSUB -n 8
#BSUB -R "rusage[mem=4GB]"
#BSUB -R "span[hosts=1]"
#BSUB -W 4:00
#BSUB -o phase2_ppo_%J.out
#BSUB -e phase2_ppo_%J.err

# GBAR submission for phase 2 PPO training. Uses GBAR module system + a
# project-local venv (no pixi -- pixi is not installed on gbar).
#
# Usage:
#   bsub < gbar_phase2_ppo.sh

set -e
echo "[gbar] starting phase2 PPO at $(date)"
echo "[gbar] hostname:  $(hostname)"
echo "[gbar] cwd:       $(pwd)"
echo "[gbar] cores:     ${LSB_DJOB_NUMPROC:-?}"

# 1. Bring up the module system + load python
source /etc/profile 2>/dev/null || true
[ -f ~/.bashrc ] && source ~/.bashrc 2>/dev/null || true
module load python3/3.11.9

# 2. Build / reuse a venv in the project dir
VENV="$HOME/projects/battery_gym/.venv311"
if [ ! -d "$VENV" ]; then
    echo "[gbar] creating venv at $VENV"
    python3 -m venv "$VENV"
    "$VENV/bin/pip" install --quiet --upgrade pip
    "$VENV/bin/pip" install --quiet \
        numpy '<2' matplotlib scipy fatpack cvxpy \
        torch --index-url https://download.pytorch.org/whl/cpu
    "$VENV/bin/pip" install --quiet stable-baselines3 gymnasium
    echo "[gbar] venv ready"
fi
source "$VENV/bin/activate"
python3 -c "import numpy, scipy, cvxpy, torch, stable_baselines3, gymnasium; print('imports OK')"

# 3. Run training + benchmark
python3 -u phase2_ppo.py \
    --total_timesteps 1000000 \
    --n_envs 4 \
    --T 168 \
    --lookahead 72 \
    --noise_train 8.0 \
    --alpha 0.005 \

(... more ...)
------------------------------------------------------------

Exited with exit code 1.

Resource usage summary:

    CPU time :                                   11.53 sec.
    Max Memory :                                 75 MB
    Average Memory :                             75.00 MB
    Total Requested Memory :                     32768.00 MB
    Delta Memory :                               32693.00 MB
    Max Swap :                                   -
    Max Processes :                              6
    Max Threads :                                7
    Run time :                                   24 sec.
    Turnaround time :                            25 sec.

The output (if any) is above this job summary.



PS:

Read file <phase2_ppo_28380687.err> for stderr output of this job.

