[gbar] starting phase2 PPO at Thu May  7 07:22:54 CEST 2026
[gbar] hostname:  n-62-30-24
[gbar] cwd:       /zhome/5c/f/180689/projects/battery_gym
[gbar] cores:     8
[gbar] (re)creating venv at /zhome/5c/f/180689/projects/battery_gym/.venv311
Requirement already satisfied: pip in /appl9/python/3.11.9/lib/python3.11/site-packages (24.0)
Collecting pip
  Using cached pip-26.1.1-py3-none-any.whl.metadata (4.6 kB)
Using cached pip-26.1.1-py3-none-any.whl (1.8 MB)
Installing collected packages: pip
  Attempting uninstall: pip
    Found existing installation: pip 24.0
    Not uninstalling pip at /appl9/python/3.11.9/lib/python3.11/site-packages, outside environment /zhome/5c/f/180689/projects/battery_gym/.venv311
    Can't uninstall 'pip'. No files were found to uninstall.
Successfully installed pip-24.0
Collecting numpy<2
  Downloading numpy-1.26.4-cp311-cp311-manylinux_2_17_x86_64.manylinux2014_x86_64.whl.metadata (61 kB)
     ━━━━━━━━━━━━━━━━━━━━━━━━━━━━━━━━━━━━━━━━ 61.0/61.0 kB 2.4 MB/s eta 0:00:00
Collecting matplotlib
  Downloading matplotlib-3.10.9-cp311-cp311-manylinux2014_x86_64.manylinux_2_17_x86_64.whl.metadata (52 kB)
     ━━━━━━━━━━━━━━━━━━━━━━━━━━━━━━━━━━━━━━━━ 52.8/52.8 kB 2.8 MB/s eta 0:00:00
Collecting scipy
  Downloading scipy-1.17.1-cp311-cp311-manylinux_2_27_x86_64.manylinux_2_28_x86_64.whl.metadata (62 kB)
     ━━━━━━━━━━━━━━━━━━━━━━━━━━━━━━━━━━━━━━━━ 62.1/62.1 kB 3.6 MB/s eta 0:00:00
Collecting fatpack
  Downloading fatpack-0.7.8-py3-none-any.whl.metadata (3.7 kB)
Collecting cvxpy
  Downloading cvxpy-1.8.2-cp311-cp311-manylinux_2_24_x86_64.manylinux_2_28_x86_64.whl.metadata (9.6 kB)
Collecting contourpy>=1.0.1 (from matplotlib)
  Downloading contourpy-1.3.3-cp311-cp311-manylinux_2_27_x86_64.manylinux_2_28_x86_64.whl.metadata (5.5 kB)
Collecting cycler>=0.10 (from matplotlib)
  Downloading cycler-0.12.1-py3-none-any.whl.metadata (3.8 kB)
Collecting fonttools>=4.22.0 (from matplotlib)
  Downloading fonttools-4.62.1-cp311-cp311-manylinux2014_x86_64.manylinux_2_17_x86_64.whl.metadata (117 kB)
     ━━━━━━━━━━━━━━━━━━━━━━━━━━━━━━━━━━━━━━━ 117.5/117.5 kB 3.2 MB/s eta 0:00:00
Collecting kiwisolver>=1.3.1 (from matplotlib)
  Downloading kiwisolver-1.5.0-cp311-cp311-manylinux2014_x86_64.manylinux_2_17_x86_64.whl.metadata (5.1 kB)
Collecting packaging>=20.0 (from matplotlib)
  Downloading packaging-26.2-py3-none-any.whl.metadata (3.5 kB)
Collecting pillow>=8 (from matplotlib)
  Downloading pillow-12.2.0-cp311-cp311-manylinux_2_27_x86_64.manylinux_2_28_x86_64.whl.metadata (8.8 kB)
Collecting pyparsing>=3 (from matplotlib)
  Downloading pyparsing-3.3.2-py3-none-any.whl.metadata (5.8 kB)
Collecting python-dateutil>=2.7 (from matplotlib)
  Downloading python_dateutil-2.9.0.post0-py2.py3-none-any.whl.metadata (8.4 kB)
Collecting osqp>=1.0.0 (from cvxpy)
  Downloading osqp-1.1.1-cp311-cp311-manylinux_2_24_x86_64.manylinux_2_28_x86_64.whl.metadata (2.2 kB)
Collecting clarabel>=0.5.0 (from cvxpy)
  Downloading clarabel-0.11.1-cp39-abi3-manylinux_2_17_x86_64.manylinux2014_x86_64.whl.metadata (4.8 kB)
Collecting scs>=3.2.4.post1 (from cvxpy)
  Downloading scs-3.2.11-cp311-cp311-manylinux_2_27_x86_64.manylinux_2_28_x86_64.whl.metadata (2.8 kB)
INFO: pip is looking at multiple versions of cvxpy to determine which version is compatible with other requirements. This could take a while.
Collecting cvxpy
  Downloading cvxpy-1.8.1-cp311-cp311-manylinux_2_24_x86_64.manylinux_2_28_x86_64.whl.metadata (9.6 kB)
  Downloading cvxpy-1.8.0-cp311-cp311-manylinux_2_24_x86_64.manylinux_2_28_x86_64.whl.metadata (9.6 kB)
  Downloading cvxpy-1.7.5-cp311-cp311-manylinux_2_24_x86_64.manylinux_2_28_x86_64.whl.metadata (9.5 kB)
Collecting cffi (from clarabel>=0.5.0->cvxpy)
  Downloading cffi-2.0.0-cp311-cp311-manylinux2014_x86_64.manylinux_2_17_x86_64.whl.metadata (2.6 kB)
Collecting jinja2 (from osqp>=1.0.0->cvxpy)
  Downloading jinja2-3.1.6-py3-none-any.whl.metadata (2.9 kB)
Requirement already satisfied: setuptools in /appl9/python/3.11.9/lib/python3.11/site-packages (from osqp>=1.0.0->cvxpy) (69.5.1)
Collecting joblib (from osqp>=1.0.0->cvxpy)
  Downloading joblib-1.5.3-py3-none-any.whl.metadata (5.5 kB)
Collecting six>=1.5 (from python-dateutil>=2.7->matplotlib)
  Downloading six-1.17.0-py2.py3-none-any.whl.metadata (1.7 kB)
Collecting pycparser (from cffi->clarabel>=0.5.0->cvxpy)
  Downloading pycparser-3.0-py3-none-any.whl.metadata (8.2 kB)
Collecting MarkupSafe>=2.0 (from jinja2->osqp>=1.0.0->cvxpy)
  Downloading markupsafe-3.0.3-cp311-cp311-manylinux2014_x86_64.manylinux_2_17_x86_64.manylinux_2_28_x86_64.whl.metadata (2.7 kB)
Downloading numpy-1.26.4-cp311-cp311-manylinux_2_17_x86_64.manylinux2014_x86_64.whl (18.3 MB)
   ━━━━━━━━━━━━━━━━━━━━━━━━━━━━━━━━━━━━━━━━ 18.3/18.3 MB 45.4 MB/s eta 0:00:00
Downloading matplotlib-3.10.9-cp311-cp311-manylinux2014_x86_64.manylinux_2_17_x86_64.whl (8.8 MB)
   ━━━━━━━━━━━━━━━━━━━━━━━━━━━━━━━━━━━━━━━━ 8.8/8.8 MB 7.8 MB/s eta 0:00:00
Downloading scipy-1.17.1-cp311-cp311-manylinux_2_27_x86_64.manylinux_2_28_x86_64.whl (35.3 MB)
   ━━━━━━━━━━━━━━━━━━━━━━━━━━━━━━━━━━━━━━━━ 35.3/35.3 MB 43.7 MB/s eta 0:00:00
Downloading fatpack-0.7.8-py3-none-any.whl (18 kB)
Downloading cvxpy-1.7.5-cp311-cp311-manylinux_2_24_x86_64.manylinux_2_28_x86_64.whl (1.2 MB)
   ━━━━━━━━━━━━━━━━━━━━━━━━━━━━━━━━━━━━━━━━ 1.2/1.2 MB 8.3 MB/s eta 0:00:00
Downloading clarabel-0.11.1-cp39-abi3-manylinux_2_17_x86_64.manylinux2014_x86_64.whl (1.2 MB)
   ━━━━━━━━━━━━━━━━━━━━━━━━━━━━━━━━━━━━━━━━ 1.2/1.2 MB 37.5 MB/s eta 0:00:00
Downloading contourpy-1.3.3-cp311-cp311-manylinux_2_27_x86_64.manylinux_2_28_x86_64.whl (355 kB)
   ━━━━━━━━━━━━━━━━━━━━━━━━━━━━━━━━━━━━━━━━ 355.2/355.2 kB 23.1 MB/s eta 0:00:00
Downloading cycler-0.12.1-py3-none-any.whl (8.3 kB)
Downloading fonttools-4.62.1-cp311-cp311-manylinux2014_x86_64.manylinux_2_17_x86_64.whl (5.1 MB)
   ━━━━━━━━━━━━━━━━━━━━━━━━━━━━━━━━━━━━━━━━ 5.1/5.1 MB 12.4 MB/s eta 0:00:00
Downloading kiwisolver-1.5.0-cp311-cp311-manylinux2014_x86_64.manylinux_2_17_x86_64.whl (1.4 MB)
   ━━━━━━━━━━━━━━━━━━━━━━━━━━━━━━━━━━━━━━━━ 1.4/1.4 MB 26.8 MB/s eta 0:00:00
Downloading osqp-1.1.1-cp311-cp311-manylinux_2_24_x86_64.manylinux_2_28_x86_64.whl (343 kB)
   ━━━━━━━━━━━━━━━━━━━━━━━━━━━━━━━━━━━━━━━━ 343.2/343.2 kB 3.8 MB/s eta 0:00:00
Downloading packaging-26.2-py3-none-any.whl (100 kB)
   ━━━━━━━━━━━━━━━━━━━━━━━━━━━━━━━━━━━━━━━━ 100.2/100.2 kB 6.8 MB/s eta 0:00:00
Downloading pillow-12.2.0-cp311-cp311-manylinux_2_27_x86_64.manylinux_2_28_x86_64.whl (7.1 MB)
   ━━━━━━━━━━━━━━━━━━━━━━━━━━━━━━━━━━━━━━━━ 7.1/7.1 MB 20.5 MB/s eta 0:00:00
Downloading pyparsing-3.3.2-py3-none-any.whl (122 kB)
   ━━━━━━━━━━━━━━━━━━━━━━━━━━━━━━━━━━━━━━━━ 122.8/122.8 kB 7.3 MB/s eta 0:00:00
Downloading python_dateutil-2.9.0.post0-py2.py3-none-any.whl (229 kB)
   ━━━━━━━━━━━━━━━━━━━━━━━━━━━━━━━━━━━━━━━━ 229.9/229.9 kB 14.0 MB/s eta 0:00:00
Downloading scs-3.2.11-cp311-cp311-manylinux_2_27_x86_64.manylinux_2_28_x86_64.whl (12.1 MB)
   ━━━━━━━━━━━━━━━━━━━━━━━━━━━━━━━━━━━━━━━━ 12.1/12.1 MB 17.9 MB/s eta 0:00:00
Downloading six-1.17.0-py2.py3-none-any.whl (11 kB)
Downloading cffi-2.0.0-cp311-cp311-manylinux2014_x86_64.manylinux_2_17_x86_64.whl (215 kB)
   ━━━━━━━━━━━━━━━━━━━━━━━━━━━━━━━━━━━━━━━━ 215.6/215.6 kB 12.4 MB/s eta 0:00:00
Downloading jinja2-3.1.6-py3-none-any.whl (134 kB)
   ━━━━━━━━━━━━━━━━━━━━━━━━━━━━━━━━━━━━━━━━ 134.9/134.9 kB 8.6 MB/s eta 0:00:00
Downloading joblib-1.5.3-py3-none-any.whl (309 kB)
   ━━━━━━━━━━━━━━━━━━━━━━━━━━━━━━━━━━━━━━━━ 309.1/309.1 kB 4.7 MB/s eta 0:00:00
Downloading markupsafe-3.0.3-cp311-cp311-manylinux2014_x86_64.manylinux_2_17_x86_64.manylinux_2_28_x86_64.whl (22 kB)
Downloading pycparser-3.0-py3-none-any.whl (48 kB)
   ━━━━━━━━━━━━━━━━━━━━━━━━━━━━━━━━━━━━━━━━ 48.2/48.2 kB 3.2 MB/s eta 0:00:00
Installing collected packages: six, pyparsing, pycparser, pillow, packaging, numpy, MarkupSafe, kiwisolver, joblib, fonttools, cycler, scipy, python-dateutil, jinja2, fatpack, contourpy, cffi, scs, osqp, matplotlib, clarabel, cvxpy
Successfully installed MarkupSafe-3.0.3 cffi-2.0.0 clarabel-0.11.1 contourpy-1.3.3 cvxpy-1.7.5 cycler-0.12.1 fatpack-0.7.8 fonttools-4.62.1 jinja2-3.1.6 joblib-1.5.3 kiwisolver-1.5.0 matplotlib-3.10.9 numpy-1.26.4 osqp-1.1.1 packaging-26.2 pillow-12.2.0 pycparser-3.0 pyparsing-3.3.2 python-dateutil-2.9.0.post0 scipy-1.17.1 scs-3.2.11 six-1.17.0
Looking in indexes: https://download.pytorch.org/whl/cpu
Collecting torch
  Downloading https://download-r2.pytorch.org/whl/cpu/torch-2.11.0%2Bcpu-cp311-cp311-manylinux_2_28_x86_64.whl.metadata (29 kB)
Requirement already satisfied: filelock in /appl9/python/3.11.9/lib/python3.11/site-packages (from torch) (3.14.0)
Collecting typing-extensions>=4.10.0 (from torch)
  Downloading https://download.pytorch.org/whl/typing_extensions-4.15.0-py3-none-any.whl.metadata (3.3 kB)
Requirement already satisfied: setuptools<82 in /appl9/python/3.11.9/lib/python3.11/site-packages (from torch) (69.5.1)
Collecting sympy>=1.13.3 (from torch)
  Downloading sympy-1.14.0-py3-none-any.whl.metadata (12 kB)
Collecting networkx>=2.5.1 (from torch)
  Downloading networkx-3.6.1-py3-none-any.whl.metadata (6.8 kB)
Requirement already satisfied: jinja2 in ./.venv311/lib/python3.11/site-packages (from torch) (3.1.6)
Collecting fsspec>=0.8.5 (from torch)
  Downloading fsspec-2026.2.0-py3-none-any.whl.metadata (10 kB)
Collecting mpmath<1.4,>=1.1.0 (from sympy>=1.13.3->torch)
  Downloading mpmath-1.3.0-py3-none-any.whl.metadata (8.6 kB)
Requirement already satisfied: MarkupSafe>=2.0 in ./.venv311/lib/python3.11/site-packages (from jinja2->torch) (3.0.3)
Downloading https://download-r2.pytorch.org/whl/cpu/torch-2.11.0%2Bcpu-cp311-cp311-manylinux_2_28_x86_64.whl (190.2 MB)
   ━━━━━━━━━━━━━━━━━━━━━━━━━━━━━━━━━━━━━━━━ 190.2/190.2 MB 3.1 MB/s eta 0:00:00
Downloading fsspec-2026.2.0-py3-none-any.whl (202 kB)
   ━━━━━━━━━━━━━━━━━━━━━━━━━━━━━━━━━━━━━━━━ 202.5/202.5 kB 2.6 MB/s eta 0:00:00
Downloading networkx-3.6.1-py3-none-any.whl (2.1 MB)
   ━━━━━━━━━━━━━━━━━━━━━━━━━━━━━━━━━━━━━━━━ 2.1/2.1 MB 40.7 MB/s eta 0:00:00
Downloading sympy-1.14.0-py3-none-any.whl (6.3 MB)
   ━━━━━━━━━━━━━━━━━━━━━━━━━━━━━━━━━━━━━━━━ 6.3/6.3 MB 59.3 MB/s eta 0:00:00
Downloading https://download.pytorch.org/whl/typing_extensions-4.15.0-py3-none-any.whl (44 kB)
   ━━━━━━━━━━━━━━━━━━━━━━━━━━━━━━━━━━━━━━━━ 44.6/44.6 kB 1.2 MB/s eta 0:00:00
Downloading mpmath-1.3.0-py3-none-any.whl (536 kB)
   ━━━━━━━━━━━━━━━━━━━━━━━━━━━━━━━━━━━━━━━━ 536.2/536.2 kB 10.7 MB/s eta 0:00:00
Installing collected packages: mpmath, typing-extensions, sympy, networkx, fsspec, torch
Successfully installed fsspec-2026.2.0 mpmath-1.3.0 networkx-3.6.1 sympy-1.14.0 torch-2.11.0+cpu typing-extensions-4.15.0
Collecting stable-baselines3
  Downloading stable_baselines3-2.8.0-py3-none-any.whl.metadata (4.9 kB)
Collecting gymnasium
  Downloading gymnasium-1.3.0-py3-none-any.whl.metadata (10 kB)
  Downloading gymnasium-1.2.3-py3-none-any.whl.metadata (10 kB)
Requirement already satisfied: numpy<3.0,>=1.20 in ./.venv311/lib/python3.11/site-packages (from stable-baselines3) (1.26.4)
Requirement already satisfied: torch<3.0,>=2.3 in ./.venv311/lib/python3.11/site-packages (from stable-baselines3) (2.11.0+cpu)
Collecting cloudpickle (from stable-baselines3)
  Downloading cloudpickle-3.1.2-py3-none-any.whl.metadata (7.1 kB)
Collecting pandas (from stable-baselines3)
  Downloading pandas-3.0.2-cp311-cp311-manylinux_2_24_x86_64.manylinux_2_28_x86_64.whl.metadata (79 kB)
     ━━━━━━━━━━━━━━━━━━━━━━━━━━━━━━━━━━━━━━━ 79.5/79.5 kB 547.5 kB/s eta 0:00:00
Requirement already satisfied: matplotlib in ./.venv311/lib/python3.11/site-packages (from stable-baselines3) (3.10.9)
Requirement already satisfied: typing-extensions>=4.3.0 in ./.venv311/lib/python3.11/site-packages (from gymnasium) (4.15.0)
Collecting farama-notifications>=0.0.1 (from gymnasium)
  Downloading farama_notifications-0.0.6-py3-none-any.whl.metadata (729 bytes)
Requirement already satisfied: filelock in /appl9/python/3.11.9/lib/python3.11/site-packages (from torch<3.0,>=2.3->stable-baselines3) (3.14.0)
Requirement already satisfied: setuptools<82 in /appl9/python/3.11.9/lib/python3.11/site-packages (from torch<3.0,>=2.3->stable-baselines3) (69.5.1)
Requirement already satisfied: sympy>=1.13.3 in ./.venv311/lib/python3.11/site-packages (from torch<3.0,>=2.3->stable-baselines3) (1.14.0)
Requirement already satisfied: networkx>=2.5.1 in ./.venv311/lib/python3.11/site-packages (from torch<3.0,>=2.3->stable-baselines3) (3.6.1)
Requirement already satisfied: jinja2 in ./.venv311/lib/python3.11/site-packages (from torch<3.0,>=2.3->stable-baselines3) (3.1.6)
Requirement already satisfied: fsspec>=0.8.5 in ./.venv311/lib/python3.11/site-packages (from torch<3.0,>=2.3->stable-baselines3) (2026.2.0)
Requirement already satisfied: contourpy>=1.0.1 in ./.venv311/lib/python3.11/site-packages (from matplotlib->stable-baselines3) (1.3.3)
Requirement already satisfied: cycler>=0.10 in ./.venv311/lib/python3.11/site-packages (from matplotlib->stable-baselines3) (0.12.1)
Requirement already satisfied: fonttools>=4.22.0 in ./.venv311/lib/python3.11/site-packages (from matplotlib->stable-baselines3) (4.62.1)
Requirement already satisfied: kiwisolver>=1.3.1 in ./.venv311/lib/python3.11/site-packages (from matplotlib->stable-baselines3) (1.5.0)
Requirement already satisfied: packaging>=20.0 in ./.venv311/lib/python3.11/site-packages (from matplotlib->stable-baselines3) (26.2)
Requirement already satisfied: pillow>=8 in ./.venv311/lib/python3.11/site-packages (from matplotlib->stable-baselines3) (12.2.0)
Requirement already satisfied: pyparsing>=3 in ./.venv311/lib/python3.11/site-packages (from matplotlib->stable-baselines3) (3.3.2)
Requirement already satisfied: python-dateutil>=2.7 in ./.venv311/lib/python3.11/site-packages (from matplotlib->stable-baselines3) (2.9.0.post0)
Requirement already satisfied: six>=1.5 in ./.venv311/lib/python3.11/site-packages (from python-dateutil>=2.7->matplotlib->stable-baselines3) (1.17.0)
Requirement already satisfied: mpmath<1.4,>=1.1.0 in ./.venv311/lib/python3.11/site-packages (from sympy>=1.13.3->torch<3.0,>=2.3->stable-baselines3) (1.3.0)
Requirement already satisfied: MarkupSafe>=2.0 in ./.venv311/lib/python3.11/site-packages (from jinja2->torch<3.0,>=2.3->stable-baselines3) (3.0.3)
Downloading stable_baselines3-2.8.0-py3-none-any.whl (187 kB)
   ━━━━━━━━━━━━━━━━━━━━━━━━━━━━━━━━━━━━━━━━ 187.5/187.5 kB 11.6 MB/s eta 0:00:00
Downloading gymnasium-1.2.3-py3-none-any.whl (952 kB)
   ━━━━━━━━━━━━━━━━━━━━━━━━━━━━━━━━━━━━━━━━ 952.1/952.1 kB 38.1 MB/s eta 0:00:00
Downloading cloudpickle-3.1.2-py3-none-any.whl (22 kB)
Downloading farama_notifications-0.0.6-py3-none-any.whl (2.9 kB)
Downloading pandas-3.0.2-cp311-cp311-manylinux_2_24_x86_64.manylinux_2_28_x86_64.whl (11.3 MB)
   ━━━━━━━━━━━━━━━━━━━━━━━━━━━━━━━━━━━━━━━━ 11.3/11.3 MB 60.1 MB/s eta 0:00:00
Installing collected packages: farama-notifications, cloudpickle, pandas, gymnasium, stable-baselines3
Successfully installed cloudpickle-3.1.2 farama-notifications-0.0.6 gymnasium-1.2.3 pandas-3.0.2 stable-baselines3-2.8.0
[gbar] venv build done
[gbar] imports OK
[PPO] training: total_timesteps=1000000, n_envs=4, T=168
Using cpu device

------------------------------------------------------------
Sender: LSF System <lsfadmin@hpc.dtu.dk>
Subject: Job 28380689: <battery_phase2_ppo> in cluster <dcc> Exited

Job <battery_phase2_ppo> was submitted from host <gbarlogin1> by user <juqu> in cluster <dcc> at Thu May  7 07:22:52 2026
Job was executed on host(s) <8*n-62-30-24>, in queue <hpc>, as user <juqu> in cluster <dcc> at Thu May  7 07:22:53 2026
</zhome/5c/f/180689> was used as the home directory.
</zhome/5c/f/180689/projects/battery_gym> was used as the working directory.
Started at Thu May  7 07:22:53 2026
Terminated at Thu May  7 07:27:26 2026
Results reported at Thu May  7 07:27:26 2026

Your job looked like:

------------------------------------------------------------
# LSBATCH: User input
#!/bin/bash
#BSUB -J battery_phase2_ppo
#BSUB -q hpc
#BSUB -n 8
#BSUB -R "rusage[mem=4GB]"
#BSUB -R "span[hosts=1]"
#BSUB -W 4:00
#BSUB -o phase2_ppo_%J.out
#BSUB -e phase2_ppo_%J.err

# GBAR submission for phase 2 PPO training. Uses GBAR module system + a
# project-local venv (no pixi -- pixi is not installed on gbar).
#
# Usage:
#   bsub < gbar_phase2_ppo.sh

set -e
echo "[gbar] starting phase2 PPO at $(date)"
echo "[gbar] hostname:  $(hostname)"
echo "[gbar] cwd:       $(pwd)"
echo "[gbar] cores:     ${LSB_DJOB_NUMPROC:-?}"

# 1. Bring up the module system + load python
source /etc/profile 2>/dev/null || true
[ -f ~/.bashrc ] && source ~/.bashrc 2>/dev/null || true
module load python3/3.11.9

# 2. Build / reuse a venv in the project dir.
#    Treat as "ready" only if the import sanity check passes; otherwise rebuild.
VENV="$HOME/projects/battery_gym/.venv311"
venv_ok=0
if [ -d "$VENV" ]; then
    "$VENV/bin/python3" -c "import numpy, scipy, cvxpy, torch, stable_baselines3, gymnasium" 2>/dev/null && venv_ok=1
fi
if [ "$venv_ok" -eq 0 ]; then
    echo "[gbar] (re)creating venv at $VENV"
    rm -rf "$VENV"
    python3 -m venv "$VENV"
    "$VENV/bin/pip" install --upgrade pip
    "$VENV/bin/pip" install 'numpy<2' matplotlib scipy fatpack cvxpy
    "$VENV/bin/pip" install torch --index-url https://download.pytorch.org/whl/cpu
    "$VENV/bin/pip" install stable-baselines3 gymnasium
    echo "[gbar] venv build done"
fi
source "$VENV/bin/activate"
python3 -c "import numpy, scipy, cvxpy, torch, stable_baselines3, gymnasium; print('[gbar] imports OK')"

# 3. Run training + benchmark
python3 -u phase2_ppo.py \
    --total_timesteps 1000000 \

(... more ...)
------------------------------------------------------------

Exited with exit code 1.

Resource usage summary:

    CPU time :                                   111.00 sec.
    Max Memory :                                 121 MB
    Average Memory :                             105.75 MB
    Total Requested Memory :                     32768.00 MB
    Delta Memory :                               32647.00 MB
    Max Swap :                                   -
    Max Processes :                              6
    Max Threads :                                7
    Run time :                                   273 sec.
    Turnaround time :                            274 sec.

The output (if any) is above this job summary.



PS:

Read file <phase2_ppo_28380689.err> for stderr output of this job.

